<?xml version="1.0" encoding="UTF-8"?>
<!-- Generated by org.testng.reporters.JUnitReportReporter -->
<testsuite skipped="0" hostname="CBT-MH-000" name="project_tweet.Get_Tweet" tests="1" failures="0" timestamp="11 Oct 2019 04:27:40 GMT" time="4.935" errors="0">
  <testcase name="getTweet" time="4.935" classname="project_tweet.Get_Tweet"/>
</testsuite> <!-- project_tweet.Get_Tweet -->
