<?xml version="1.0" encoding="UTF-8"?>
<!-- Generated by org.testng.reporters.JUnitReportReporter -->
<testsuite skipped="0" hostname="CBT-MH-000" name="project_tweet.Twitter" tests="1" failures="0" timestamp="10 Oct 2019 11:27:36 GMT" time="4.709" errors="0">
  <testcase name="getTweet" time="4.709" classname="project_tweet.Twitter"/>
</testsuite> <!-- project_tweet.Twitter -->
