<?xml version="1.0" encoding="UTF-8"?>
<!-- Generated by org.testng.reporters.JUnitReportReporter -->
<testsuite skipped="0" hostname="CBT-MH-000" name="project_tweet.Sixth_tweet" tests="1" failures="0" timestamp="14 Oct 2019 03:33:27 GMT" time="6.249" errors="0">
  <testcase name="triendingTweet" time="6.249" classname="project_tweet.Sixth_tweet"/>
</testsuite> <!-- project_tweet.Sixth_tweet -->
