<?xml version="1.0" encoding="UTF-8"?>
<!-- Generated by org.testng.reporters.JUnitReportReporter -->
<testsuite skipped="0" hostname="CBT-MH-000" name="project_tweet.Second_tweet" tests="1" failures="0" timestamp="16 Oct 2019 11:22:34 GMT" time="4.929" errors="0">
  <testcase name="searchTweet" time="4.929" classname="project_tweet.Second_tweet"/>
</testsuite> <!-- project_tweet.Second_tweet -->
