<?xml version="1.0" encoding="UTF-8"?>
<!-- Generated by org.testng.reporters.JUnitReportReporter -->
<testsuite skipped="0" hostname="CBT-MH-000" name="project_tweet.Post" tests="1" failures="0" timestamp="11 Oct 2019 03:54:15 GMT" time="6.385" errors="0">
  <testcase name="postTweet" time="6.385" classname="project_tweet.Post"/>
</testsuite> <!-- project_tweet.Post -->
